SF:lib/common/exception.dart
DA:6,4
LF:1
LH:1
end_of_record
SF:lib/data/datasources/movie/movie_local_data_source.dart
DA:16,1
DA:18,1
DA:21,2
DA:24,2
DA:28,1
DA:31,2
DA:34,2
DA:38,1
DA:40,2
DA:42,1
DA:48,1
DA:50,2
DA:51,4
LF:13
LH:13
end_of_record
SF:lib/data/models/movie_table.dart
DA:12,19
DA:19,2
DA:20,1
DA:21,1
DA:22,1
DA:23,1
DA:26,2
DA:27,1
DA:28,1
DA:29,1
DA:30,1
DA:42,2
DA:43,1
DA:44,1
DA:45,1
DA:46,1
DA:49,2
DA:50,10
LF:18
LH:18
end_of_record
SF:lib/domain/entities/genre.dart
DA:4,37
DA:12,4
DA:13,12
LF:3
LH:3
end_of_record
SF:lib/domain/entities/movie.dart
DA:5,13
DA:21,2
DA:42,8
DA:43,8
DA:44,8
DA:45,8
DA:46,8
DA:47,8
DA:48,8
DA:49,8
DA:50,8
DA:51,8
DA:52,8
DA:53,8
DA:54,8
DA:55,8
DA:56,8
LF:17
LH:17
end_of_record
SF:lib/domain/entities/movie_detail.dart
DA:6,18
DA:34,2
DA:35,2
DA:36,2
DA:37,2
DA:38,2
DA:39,2
DA:40,2
DA:41,2
DA:42,2
DA:43,2
DA:44,2
DA:45,2
DA:46,2
LF:14
LH:14
end_of_record
SF:lib/common/failure.dart
DA:6,18
DA:8,2
DA:9,4
DA:13,12
DA:17,6
DA:21,10
LF:6
LH:6
end_of_record
SF:lib/data/datasources/movie/movie_remote_data_source.dart
DA:22,1
DA:24,1
DA:27,3
DA:29,2
DA:30,4
DA:32,1
DA:36,1
DA:38,4
DA:40,2
DA:41,3
DA:43,1
DA:47,1
DA:49,1
DA:50,3
DA:52,2
DA:53,4
DA:55,1
DA:59,1
DA:62,3
DA:64,2
DA:65,4
DA:67,1
DA:71,1
DA:74,3
DA:76,2
DA:77,4
DA:79,1
DA:83,1
DA:85,1
DA:86,3
DA:88,2
DA:89,4
DA:91,1
LF:33
LH:33
end_of_record
SF:lib/data/datasources/tv_series/tv_series_local_data_source.dart
DA:15,1
DA:17,1
DA:20,2
DA:23,2
DA:27,1
DA:30,2
DA:33,2
DA:37,1
DA:39,2
DA:40,4
DA:43,1
DA:45,2
DA:47,1
LF:13
LH:13
end_of_record
SF:lib/data/datasources/tv_series/tv_series_remote_data_source.dart
DA:23,1
DA:25,1
DA:28,3
DA:30,2
DA:31,4
DA:33,1
DA:37,1
DA:39,3
DA:41,2
DA:42,4
DA:44,1
DA:48,1
DA:51,3
DA:53,2
DA:54,4
DA:56,1
DA:60,1
DA:62,4
DA:64,2
DA:65,3
DA:67,1
DA:71,1
DA:74,4
DA:76,2
DA:77,4
DA:79,1
DA:83,1
DA:86,4
DA:88,2
DA:89,4
DA:91,1
LF:31
LH:31
end_of_record
SF:lib/data/models/movie_detail_model.dart
DA:7,2
DA:53,1
DA:54,1
DA:55,1
DA:56,1
DA:57,1
DA:58,1
DA:59,4
DA:60,1
DA:61,1
DA:62,1
DA:63,1
DA:64,1
DA:65,1
DA:66,2
DA:67,1
DA:68,1
DA:69,1
DA:70,1
DA:71,1
DA:72,1
DA:73,1
DA:74,1
DA:75,2
DA:76,1
DA:105,1
DA:106,1
DA:107,1
DA:108,1
DA:109,5
DA:110,1
DA:111,1
DA:112,1
DA:113,1
DA:114,1
DA:115,1
DA:116,1
DA:117,1
DA:118,1
DA:122,1
DA:123,1
DA:124,1
DA:125,1
DA:126,1
DA:127,1
DA:128,1
DA:129,1
DA:130,1
DA:131,1
DA:132,1
DA:133,1
DA:134,1
DA:135,1
DA:136,1
DA:137,1
DA:138,1
DA:139,1
DA:140,1
DA:141,1
DA:142,1
DA:143,1
DA:144,1
LF:62
LH:62
end_of_record
SF:lib/data/models/movie_model.dart
DA:6,5
DA:36,4
DA:37,2
DA:38,2
DA:39,8
DA:40,2
DA:41,2
DA:42,2
DA:43,4
DA:44,2
DA:45,2
DA:46,2
DA:47,2
DA:48,4
DA:49,2
DA:52,2
DA:53,1
DA:54,1
DA:55,4
DA:56,1
DA:57,1
DA:58,1
DA:59,1
DA:60,1
DA:61,1
DA:62,1
DA:63,1
DA:64,1
DA:65,1
DA:68,2
DA:69,2
DA:70,2
DA:71,2
DA:72,2
DA:73,2
DA:74,2
DA:75,2
DA:76,2
DA:77,2
DA:78,2
DA:79,2
DA:80,2
DA:81,2
DA:82,2
DA:86,2
DA:87,2
DA:88,2
DA:89,2
DA:90,2
DA:91,2
DA:92,2
DA:93,2
DA:94,2
DA:95,2
DA:96,2
DA:97,2
DA:98,2
DA:99,2
DA:100,2
LF:59
LH:59
end_of_record
SF:lib/data/models/tv_series_detail_model.dart
DA:8,2
DA:58,1
DA:59,1
DA:60,1
DA:61,1
DA:62,1
DA:63,2
DA:64,1
DA:65,1
DA:66,1
DA:67,3
DA:68,1
DA:69,1
DA:70,1
DA:71,1
DA:72,4
DA:73,1
DA:74,1
DA:75,1
DA:76,2
DA:77,1
DA:78,1
DA:79,4
DA:80,1
DA:81,1
DA:82,1
DA:83,2
DA:84,1
DA:116,1
DA:117,1
DA:118,1
DA:119,1
DA:120,5
DA:121,1
DA:122,1
DA:123,1
DA:124,1
DA:125,1
DA:126,1
DA:127,1
DA:128,5
DA:129,1
DA:130,1
DA:131,1
DA:132,1
DA:133,1
DA:137,1
DA:138,1
DA:139,1
DA:140,1
DA:141,1
DA:142,1
DA:143,1
DA:144,1
DA:145,1
DA:146,1
DA:147,1
DA:148,1
DA:149,1
DA:150,1
DA:151,1
DA:152,1
DA:153,1
DA:154,1
DA:155,1
DA:156,1
DA:157,1
DA:158,1
DA:159,1
DA:160,1
DA:161,1
LF:71
LH:71
end_of_record
SF:lib/data/models/tv_series_model.dart
DA:6,5
DA:36,4
DA:37,2
DA:38,4
DA:39,2
DA:40,2
DA:41,4
DA:42,2
DA:43,2
DA:44,8
DA:45,8
DA:46,2
DA:47,2
DA:48,2
DA:49,2
DA:52,2
DA:53,1
DA:54,1
DA:55,1
DA:56,1
DA:57,1
DA:58,1
DA:59,1
DA:60,4
DA:61,4
DA:62,1
DA:63,1
DA:64,1
DA:65,1
DA:68,2
DA:69,2
DA:70,2
DA:71,2
DA:72,2
DA:73,2
DA:74,2
DA:75,2
DA:76,2
DA:77,2
DA:78,2
DA:79,2
DA:80,2
DA:81,2
DA:82,2
DA:86,2
DA:87,2
DA:88,2
DA:89,2
DA:90,2
DA:91,2
DA:92,2
DA:93,2
DA:94,2
DA:95,2
DA:96,2
DA:97,2
DA:98,2
DA:99,2
DA:100,2
LF:59
LH:59
end_of_record
SF:lib/data/models/tv_series_table.dart
DA:12,20
DA:19,2
DA:20,1
DA:21,1
DA:22,1
DA:23,1
DA:26,2
DA:27,1
DA:28,1
DA:29,1
DA:30,1
DA:42,2
DA:43,1
DA:44,1
DA:45,1
DA:46,1
DA:49,2
DA:50,2
DA:51,2
DA:52,2
DA:53,2
DA:54,2
LF:22
LH:22
end_of_record
SF:lib/domain/entities/tv_series.dart
DA:5,14
DA:21,2
DA:42,8
DA:43,8
DA:44,8
DA:45,8
DA:46,8
DA:47,8
DA:48,8
DA:49,8
DA:50,8
DA:51,8
DA:52,8
DA:53,8
DA:54,8
DA:55,8
DA:56,8
LF:17
LH:17
end_of_record
SF:lib/domain/entities/tv_series_detail.dart
DA:7,19
DA:43,2
DA:44,2
DA:45,2
DA:46,2
DA:47,2
DA:48,2
DA:49,2
DA:50,2
DA:51,2
DA:52,2
DA:53,2
DA:54,2
DA:55,2
DA:56,2
DA:57,2
DA:58,2
DA:59,2
DA:60,2
LF:19
LH:19
end_of_record
SF:lib/data/models/movie_response.dart
DA:8,3
DA:10,4
DA:11,4
DA:12,6
DA:13,6
DA:16,2
DA:17,5
DA:20,1
DA:21,2
LF:9
LH:9
end_of_record
SF:lib/data/models/tv_series_response.dart
DA:8,3
DA:10,2
DA:11,2
DA:12,4
DA:13,6
DA:14,4
DA:15,6
DA:18,2
DA:19,5
DA:22,1
DA:23,2
LF:11
LH:11
end_of_record
SF:lib/data/models/genre_model.dart
DA:6,3
DA:14,2
DA:15,1
DA:16,1
DA:26,2
DA:27,6
DA:30,1
DA:31,3
LF:8
LH:8
end_of_record
SF:lib/data/models/season_model.dart
DA:5,2
DA:25,2
DA:26,1
DA:27,1
DA:28,1
DA:29,1
DA:30,1
DA:31,1
DA:32,1
DA:33,2
DA:49,1
DA:50,1
DA:51,1
DA:52,1
DA:53,1
DA:54,1
DA:55,1
DA:56,1
DA:57,1
DA:58,2
DA:62,1
DA:63,1
DA:64,1
DA:65,1
DA:66,1
DA:67,1
DA:68,1
DA:69,1
DA:70,1
DA:71,1
LF:30
LH:30
end_of_record
SF:lib/domain/entities/season.dart
DA:4,19
DA:24,2
DA:25,2
DA:26,2
DA:27,2
DA:28,2
DA:29,2
DA:30,2
DA:31,2
DA:32,2
DA:33,2
LF:11
LH:11
end_of_record
SF:lib/data/repositories/movie_repository_impl.dart
DA:18,1
DA:23,1
DA:26,2
DA:27,5
DA:28,1
DA:30,1
DA:32,0
DA:33,0
DA:37,1
DA:40,2
DA:41,2
DA:42,1
DA:44,1
DA:46,0
DA:47,0
DA:51,1
DA:54,2
DA:55,3
DA:56,1
DA:58,1
DA:60,0
DA:61,0
DA:65,1
DA:68,2
DA:69,5
DA:70,1
DA:72,1
DA:74,0
DA:75,0
DA:79,1
DA:82,2
DA:83,5
DA:84,1
DA:86,1
DA:88,0
DA:89,0
DA:93,1
DA:96,2
DA:97,5
DA:98,1
DA:100,1
DA:102,0
DA:103,0
DA:107,1
DA:111,3
DA:112,1
DA:113,1
DA:114,3
DA:120,1
DA:124,3
DA:125,1
DA:126,1
DA:127,3
DA:131,1
DA:133,2
DA:137,1
DA:139,2
DA:140,5
LF:58
LH:46
end_of_record
SF:lib/data/repositories/tv_series_repository_impl.dart
DA:17,1
DA:22,1
DA:25,2
DA:26,5
DA:27,1
DA:29,1
DA:31,0
DA:32,0
DA:36,1
DA:39,2
DA:40,5
DA:41,1
DA:43,1
DA:45,0
DA:46,0
DA:50,1
DA:53,2
DA:54,5
DA:55,1
DA:57,1
DA:59,0
DA:60,0
DA:64,1
DA:67,2
DA:68,2
DA:69,1
DA:71,1
DA:73,0
DA:74,0
DA:78,1
DA:82,2
DA:83,3
DA:84,1
DA:86,1
DA:88,0
DA:89,0
DA:93,1
DA:96,2
DA:97,5
DA:98,1
DA:100,1
DA:102,0
DA:103,0
DA:107,1
DA:109,2
DA:110,5
DA:113,1
DA:115,2
DA:119,1
DA:123,1
DA:124,2
DA:125,1
DA:126,1
DA:127,3
DA:131,1
DA:135,1
DA:136,2
DA:137,1
DA:138,1
DA:139,3
LF:60
LH:48
end_of_record
SF:lib/domain/usecases/movie/get_top_rated_movies.dart
DA:10,1
DA:12,1
DA:13,2
LF:3
LH:3
end_of_record
SF:lib/domain/usecases/movie/save_watchlist_movie.dart
DA:10,1
DA:12,1
DA:13,2
LF:3
LH:3
end_of_record
SF:lib/domain/usecases/movie/get_movie_detail.dart
DA:10,1
DA:12,1
DA:13,2
LF:3
LH:3
end_of_record
SF:lib/domain/usecases/movie/get_movie_recommendations.dart
DA:10,1
DA:12,1
DA:13,2
LF:3
LH:3
end_of_record
SF:lib/domain/usecases/movie/get_watchlist_movies.dart
DA:9,1
DA:11,1
DA:12,2
LF:3
LH:3
end_of_record
SF:lib/domain/usecases/movie/get_now_playing_movies.dart
DA:10,1
DA:12,1
DA:13,2
LF:3
LH:3
end_of_record
SF:lib/domain/usecases/movie/remove_watchlist_movie.dart
DA:10,1
DA:12,1
DA:13,2
LF:3
LH:3
end_of_record
SF:lib/domain/usecases/movie/get_popular_movies.dart
DA:10,1
DA:12,1
DA:13,2
LF:3
LH:3
end_of_record
SF:lib/domain/usecases/movie/search_movies.dart
DA:9,1
DA:11,1
DA:12,2
LF:3
LH:3
end_of_record
SF:lib/domain/usecases/movie/get_watchlist_movie_status.dart
DA:6,1
DA:8,1
DA:9,2
LF:3
LH:3
end_of_record
SF:lib/domain/usecases/tv_series/save_watchlist_tv_series.dart
DA:9,1
DA:11,1
DA:12,2
LF:3
LH:3
end_of_record
SF:lib/domain/usecases/tv_series/remove_watchlist_tv_series.dart
DA:9,1
DA:11,1
DA:12,2
LF:3
LH:3
end_of_record
SF:lib/domain/usecases/tv_series/search_tv_series.dart
DA:9,1
DA:11,1
DA:12,2
LF:3
LH:3
end_of_record
SF:lib/domain/usecases/tv_series/get_tv_series_detail.dart
DA:9,1
DA:11,1
DA:12,2
LF:3
LH:3
end_of_record
SF:lib/domain/usecases/tv_series/get_tv_series_recommendations.dart
DA:9,1
DA:11,1
DA:12,2
LF:3
LH:3
end_of_record
SF:lib/domain/usecases/tv_series/get_watchlist_tv_series.dart
DA:9,1
DA:11,1
DA:12,2
LF:3
LH:3
end_of_record
SF:lib/domain/usecases/tv_series/get_now_playing_tv_series.dart
DA:9,1
DA:11,1
DA:12,2
LF:3
LH:3
end_of_record
SF:lib/domain/usecases/tv_series/get_top_rated_movies.dart
DA:9,1
DA:11,1
DA:12,2
LF:3
LH:3
end_of_record
SF:lib/domain/usecases/tv_series/get_watchlist_tv_series_status.dart
DA:6,1
DA:8,1
DA:9,2
LF:3
LH:3
end_of_record
SF:lib/domain/usecases/tv_series/get_popular_tv_series.dart
DA:9,1
DA:11,1
DA:12,2
LF:3
LH:3
end_of_record
SF:lib/presentation/blocs/movie/watchlist_movies/watchlist_movies_bloc.dart
DA:14,1
DA:15,2
DA:16,2
DA:17,2
DA:19,2
DA:21,1
DA:22,4
DA:23,1
DA:24,1
DA:25,2
DA:27,2
LF:11
LH:11
end_of_record
SF:lib/presentation/blocs/movie/watchlist_movies/watchlist_movies_state.dart
DA:4,1
DA:5,1
DA:15,2
DA:17,1
DA:18,2
DA:24,2
DA:26,1
DA:27,2
LF:8
LH:8
end_of_record
SF:lib/presentation/blocs/movie/watchlist_movies/watchlist_movies_event.dart
DA:4,0
DA:5,0
LF:2
LH:0
end_of_record
SF:lib/presentation/blocs/movie/popular_movies/popular_movies_state.dart
DA:4,1
DA:5,1
DA:15,2
DA:17,1
DA:18,2
DA:24,2
DA:26,1
DA:27,2
LF:8
LH:8
end_of_record
SF:lib/presentation/blocs/movie/popular_movies/popular_movies_bloc.dart
DA:13,3
DA:14,2
DA:15,2
DA:17,2
DA:19,1
DA:20,4
DA:21,1
DA:22,1
DA:23,2
DA:25,2
LF:10
LH:10
end_of_record
SF:lib/presentation/blocs/movie/popular_movies/popular_movies_event.dart
DA:4,0
DA:5,0
LF:2
LH:0
end_of_record
SF:lib/common/utils.dart
DA:3,6
LF:1
LH:1
end_of_record
SF:lib/presentation/blocs/movie/detail_movie/detail_movie_state.dart
DA:12,5
DA:22,1
DA:24,1
DA:25,1
DA:26,1
DA:27,1
DA:28,1
DA:29,1
DA:30,1
DA:31,1
DA:35,2
DA:44,2
DA:45,2
DA:46,2
DA:47,2
DA:49,2
DA:50,2
DA:51,2
DA:52,2
DA:56,2
LF:20
LH:20
end_of_record
SF:lib/presentation/blocs/movie/detail_movie/detail_movie_event.dart
DA:4,0
DA:5,0
DA:11,2
DA:12,0
DA:13,0
DA:19,2
DA:20,0
DA:21,0
DA:27,2
DA:28,0
DA:29,0
DA:35,2
DA:36,0
DA:37,0
LF:14
LH:4
end_of_record
SF:lib/presentation/blocs/movie/detail_movie/detail_movie_bloc.dart
DA:26,1
DA:32,2
DA:33,2
DA:34,3
DA:36,1
DA:38,2
DA:40,2
DA:42,1
DA:43,2
DA:44,2
DA:46,1
DA:49,1
DA:50,1
DA:51,2
DA:57,1
DA:58,2
DA:59,2
DA:61,1
DA:64,1
DA:65,1
DA:66,1
DA:67,2
DA:72,1
DA:73,2
DA:85,2
DA:86,1
DA:87,2
DA:89,1
DA:90,5
DA:91,1
DA:92,3
DA:95,3
DA:98,2
DA:99,1
DA:100,2
DA:102,1
DA:103,5
DA:104,1
DA:105,3
DA:108,3
DA:111,2
DA:112,3
DA:113,3
LF:43
LH:43
end_of_record
SF:lib/presentation/blocs/movie/now_playing_movies/now_playing_movies_state.dart
DA:4,1
DA:5,1
DA:15,1
DA:17,1
DA:18,2
DA:24,1
DA:26,1
DA:27,2
LF:8
LH:8
end_of_record
SF:lib/presentation/blocs/movie/now_playing_movies/now_playing_movies_bloc.dart
DA:14,1
DA:15,2
DA:16,2
DA:17,2
DA:19,2
DA:21,1
DA:22,4
DA:23,1
DA:24,1
DA:25,2
DA:27,2
LF:11
LH:11
end_of_record
SF:lib/presentation/blocs/movie/now_playing_movies/now_playing_movies_event.dart
LF:0
LH:0
end_of_record
SF:lib/presentation/blocs/tv_series/watchlist_tv_series/watchlist_tv_series_state.dart
DA:4,1
DA:5,1
DA:15,2
DA:17,1
DA:18,2
DA:24,2
DA:26,1
DA:27,2
LF:8
LH:8
end_of_record
SF:lib/presentation/blocs/tv_series/watchlist_tv_series/watchlist_tv_series_event.dart
DA:4,0
DA:5,0
LF:2
LH:0
end_of_record
SF:lib/presentation/blocs/tv_series/watchlist_tv_series/watchlist_tv_series_bloc.dart
DA:14,1
DA:15,2
DA:16,2
DA:17,2
DA:19,2
DA:21,1
DA:22,4
DA:23,1
DA:24,1
DA:25,2
DA:27,2
LF:11
LH:11
end_of_record
SF:lib/presentation/blocs/movie/top_rated_movies/top_rated_movies_bloc.dart
DA:14,3
DA:15,2
DA:16,2
DA:18,2
DA:20,1
DA:21,4
DA:22,1
DA:23,1
DA:24,2
DA:26,2
LF:10
LH:10
end_of_record
SF:lib/presentation/blocs/movie/top_rated_movies/top_rated_movies_event.dart
DA:4,0
DA:5,0
LF:2
LH:0
end_of_record
SF:lib/presentation/blocs/movie/top_rated_movies/top_rated_movies_state.dart
DA:4,1
DA:5,1
DA:15,2
DA:17,1
DA:18,2
DA:24,2
DA:26,1
DA:27,2
LF:8
LH:8
end_of_record
SF:lib/presentation/blocs/tv_series/now_playing_tv_series/now_playing_tv_series_bloc.dart
DA:14,1
DA:15,2
DA:16,2
DA:17,2
DA:19,2
DA:21,1
DA:22,4
DA:23,1
DA:24,1
DA:25,2
DA:27,2
LF:11
LH:11
end_of_record
SF:lib/presentation/blocs/tv_series/now_playing_tv_series/now_playing_tv_series_state.dart
DA:4,1
DA:5,1
DA:15,2
DA:17,1
DA:18,2
DA:24,2
DA:26,1
DA:27,2
LF:8
LH:8
end_of_record
SF:lib/presentation/blocs/tv_series/now_playing_tv_series/now_playing_tv_series_event.dart
DA:4,0
DA:5,0
LF:2
LH:0
end_of_record
SF:lib/presentation/blocs/movie/search_movies/search_movies_state.dart
DA:4,4
DA:6,1
DA:7,1
DA:19,3
DA:21,1
DA:22,2
DA:28,2
DA:30,1
DA:31,2
LF:9
LH:9
end_of_record
SF:lib/presentation/blocs/movie/search_movies/search_movies_event.dart
DA:4,2
DA:5,0
DA:6,0
DA:12,2
DA:13,0
DA:14,0
LF:6
LH:2
end_of_record
SF:lib/presentation/blocs/movie/search_movies/search_movies_bloc.dart
DA:14,3
DA:15,2
DA:16,1
DA:18,2
DA:19,2
DA:21,1
DA:22,1
DA:23,3
DA:25,1
DA:26,1
DA:27,2
DA:29,2
DA:33,1
DA:37,1
DA:38,3
LF:15
LH:15
end_of_record
SF:lib/presentation/blocs/tv_series/top_rated_tv_series/top_rated_tv_series_event.dart
DA:4,0
DA:5,0
LF:2
LH:0
end_of_record
SF:lib/presentation/blocs/tv_series/top_rated_tv_series/top_rated_tv_series_bloc.dart
DA:14,1
DA:15,2
DA:16,2
DA:17,2
DA:19,2
DA:21,1
DA:22,4
DA:23,1
DA:24,1
DA:25,2
DA:27,2
LF:11
LH:11
end_of_record
SF:lib/presentation/blocs/tv_series/top_rated_tv_series/top_rated_tv_series_state.dart
DA:4,1
DA:5,1
DA:15,2
DA:17,1
DA:18,2
DA:24,2
DA:26,1
DA:27,2
LF:8
LH:8
end_of_record
SF:lib/presentation/blocs/tv_series/detail_tv_series/detail_tv_series_bloc.dart
DA:28,1
DA:34,2
DA:35,2
DA:36,3
DA:38,1
DA:40,2
DA:42,2
DA:44,1
DA:45,2
DA:46,2
DA:48,1
DA:51,1
DA:52,1
DA:53,2
DA:59,1
DA:60,2
DA:61,2
DA:63,1
DA:66,1
DA:67,1
DA:68,1
DA:69,2
DA:74,1
DA:75,2
DA:87,2
DA:88,1
DA:89,2
DA:91,1
DA:92,5
DA:93,1
DA:94,3
DA:97,3
DA:100,2
DA:101,1
DA:102,2
DA:104,1
DA:105,5
DA:106,1
DA:107,3
DA:110,3
DA:113,2
DA:114,3
DA:115,3
LF:43
LH:43
end_of_record
SF:lib/presentation/blocs/tv_series/detail_tv_series/detail_tv_series_event.dart
DA:4,0
DA:5,0
DA:11,2
DA:12,0
DA:13,0
DA:19,2
DA:20,0
DA:21,0
DA:27,2
DA:28,0
DA:29,0
DA:35,2
DA:36,0
DA:37,0
LF:14
LH:4
end_of_record
SF:lib/presentation/blocs/tv_series/detail_tv_series/detail_tv_series_state.dart
DA:12,4
DA:22,1
DA:24,1
DA:25,1
DA:26,1
DA:27,1
DA:28,1
DA:29,1
DA:30,1
DA:31,1
DA:35,2
DA:44,2
DA:45,2
DA:46,2
DA:48,2
DA:50,2
DA:51,2
DA:52,2
DA:53,2
DA:57,2
LF:20
LH:20
end_of_record
SF:lib/presentation/blocs/tv_series/popular_tv_series/popular_tv_series_state.dart
DA:4,1
DA:5,1
DA:15,2
DA:17,1
DA:18,2
DA:24,2
DA:26,1
DA:27,2
LF:8
LH:8
end_of_record
SF:lib/presentation/blocs/tv_series/popular_tv_series/popular_tv_series_bloc.dart
DA:14,1
DA:15,2
DA:16,2
DA:17,2
DA:19,2
DA:21,1
DA:22,4
DA:23,1
DA:24,1
DA:25,2
DA:27,2
LF:11
LH:11
end_of_record
SF:lib/presentation/blocs/tv_series/popular_tv_series/popular_tv_series_event.dart
DA:4,0
DA:5,0
LF:2
LH:0
end_of_record
SF:lib/presentation/blocs/tv_series/search_tv_series/search_tv_series_state.dart
DA:4,4
DA:6,1
DA:7,1
DA:19,3
DA:21,1
DA:22,2
DA:28,2
DA:30,1
DA:31,2
LF:9
LH:9
end_of_record
SF:lib/presentation/blocs/tv_series/search_tv_series/search_tv_series_event.dart
DA:4,2
DA:5,0
DA:6,0
DA:12,2
DA:13,0
DA:14,0
LF:6
LH:2
end_of_record
SF:lib/presentation/blocs/tv_series/search_tv_series/search_tv_series_bloc.dart
DA:15,3
DA:16,2
DA:17,1
DA:19,2
DA:20,2
DA:22,1
DA:23,1
DA:24,3
DA:26,1
DA:27,1
DA:28,2
DA:30,2
DA:34,1
DA:38,1
DA:39,3
LF:15
LH:15
end_of_record
SF:lib/presentation/pages/movie/top_rated_movies_page.dart
DA:8,1
DA:10,1
DA:11,1
DA:15,1
DA:17,1
DA:18,1
DA:19,5
DA:22,1
DA:24,1
DA:25,1
DA:28,1
DA:30,1
DA:31,1
DA:32,1
DA:36,1
DA:37,1
DA:38,1
DA:39,2
DA:40,1
DA:42,2
DA:44,1
DA:45,1
DA:47,2
LF:23
LH:23
end_of_record
SF:lib/presentation/widgets/movie_card_list.dart
DA:12,4
DA:14,4
DA:16,4
DA:18,4
DA:19,0
DA:20,0
DA:23,0
DA:26,4
DA:28,4
DA:29,4
DA:30,4
DA:36,4
DA:38,4
DA:39,4
DA:40,8
DA:43,4
DA:46,4
DA:47,8
DA:55,4
DA:60,4
DA:62,4
DA:63,12
DA:65,4
DA:68,0
LF:24
LH:20
end_of_record
SF:lib/presentation/pages/movie/search_movie_page.dart
DA:9,1
DA:11,1
DA:13,1
DA:14,0
DA:15,1
DA:17,1
DA:20,1
DA:22,1
DA:24,1
DA:25,1
DA:26,1
DA:27,3
DA:40,1
DA:42,1
DA:44,1
DA:45,1
DA:46,1
DA:52,1
DA:53,1
DA:54,1
DA:55,1
DA:57,1
DA:58,1
DA:59,1
DA:61,1
DA:64,1
DA:65,1
DA:66,1
DA:67,1
DA:69,1
DA:72,2
DA:77,1
DA:78,1
DA:79,1
DA:81,2
DA:85,1
DA:86,1
LF:37
LH:36
end_of_record
SF:lib/presentation/pages/movie/watchlist_movies_page.dart
DA:9,1
DA:11,1
DA:12,1
DA:17,1
DA:19,1
DA:20,1
DA:21,5
DA:24,1
DA:26,1
DA:27,4
DA:30,0
DA:32,0
DA:35,1
DA:37,1
DA:38,1
DA:39,1
DA:42,0
DA:43,0
DA:48,1
DA:50,1
DA:51,1
DA:52,1
DA:56,1
DA:57,1
DA:58,1
DA:59,2
DA:60,1
DA:62,2
DA:64,1
DA:65,1
DA:67,2
DA:90,1
DA:92,2
DA:93,1
LF:34
LH:30
end_of_record
SF:lib/presentation/pages/movie/movie_detail_page.dart
DA:17,1
DA:19,1
DA:20,1
DA:24,1
DA:26,1
DA:27,2
DA:28,6
DA:29,6
DA:33,1
DA:35,1
DA:36,1
DA:37,1
DA:38,1
DA:39,1
DA:40,1
DA:41,2
DA:42,1
DA:43,1
DA:47,1
DA:49,1
DA:50,1
DA:51,1
DA:57,1
DA:58,3
DA:59,2
DA:61,1
DA:62,1
DA:63,1
DA:67,1
DA:68,1
DA:69,1
DA:70,1
DA:71,1
DA:72,1
DA:75,1
DA:76,1
DA:77,2
DA:80,1
DA:93,1
DA:100,1
DA:102,3
DA:103,1
DA:104,1
DA:105,1
DA:106,3
DA:108,1
DA:111,0
DA:113,1
DA:115,1
DA:116,1
DA:117,1
DA:127,1
DA:128,1
DA:129,1
DA:131,1
DA:133,1
DA:135,1
DA:136,1
DA:137,2
DA:138,1
DA:140,1
DA:142,1
DA:143,1
DA:145,1
DA:146,3
DA:149,1
DA:150,2
DA:151,1
DA:155,1
DA:157,1
DA:158,1
DA:165,1
DA:166,3
DA:168,1
DA:169,3
DA:171,1
DA:172,1
DA:173,1
DA:174,3
DA:176,1
DA:182,4
DA:186,1
DA:188,1
DA:190,1
DA:191,2
DA:194,1
DA:196,1
DA:198,1
DA:199,1
DA:201,1
DA:202,1
DA:207,1
DA:209,1
DA:211,1
DA:213,1
DA:214,2
DA:215,1
DA:217,1
DA:218,0
DA:219,0
DA:222,0
DA:225,1
DA:230,1
DA:232,2
DA:233,1
DA:237,0
DA:244,2
DA:247,1
DA:249,2
DA:259,1
DA:261,1
DA:276,1
DA:278,1
DA:281,1
DA:284,0
DA:285,0
DA:294,1
DA:296,2
DA:297,3
DA:300,1
DA:304,3
DA:307,1
DA:308,1
DA:309,1
DA:311,1
DA:312,1
DA:314,0
LF:127
LH:119
end_of_record
SF:lib/presentation/pages/movie/popular_movies_page.dart
DA:8,1
DA:10,1
DA:11,1
DA:15,1
DA:17,1
DA:18,1
DA:19,5
DA:22,1
DA:24,1
DA:25,1
DA:28,1
DA:30,1
DA:31,1
DA:32,1
DA:36,1
DA:37,1
DA:38,1
DA:39,2
DA:40,1
DA:42,2
DA:44,1
DA:45,1
DA:47,2
LF:23
LH:23
end_of_record
SF:lib/presentation/pages/tv_series/top_rated_tv_series_page.dart
DA:8,1
DA:10,1
DA:11,1
DA:15,1
DA:17,1
DA:18,2
DA:19,4
DA:22,1
DA:24,1
DA:25,1
DA:28,1
DA:30,1
DA:31,1
DA:32,1
DA:36,1
DA:37,1
DA:38,1
DA:39,2
DA:40,1
DA:42,2
DA:44,1
DA:45,1
DA:47,2
LF:23
LH:23
end_of_record
SF:lib/presentation/widgets/tv_card_list.dart
DA:11,5
DA:13,5
DA:15,5
DA:17,5
DA:18,0
DA:19,0
DA:22,0
DA:25,5
DA:27,5
DA:28,5
DA:29,5
DA:35,5
DA:37,5
DA:38,5
DA:39,10
DA:42,5
DA:45,5
DA:46,10
DA:54,5
DA:59,5
DA:61,5
DA:62,15
DA:64,5
DA:67,0
LF:24
LH:20
end_of_record
SF:lib/presentation/pages/tv_series/now_playing_tv_series_page.dart
DA:8,1
DA:10,1
DA:11,1
DA:15,1
DA:17,1
DA:18,2
DA:19,4
DA:22,1
DA:24,1
DA:25,1
DA:28,1
DA:30,1
DA:31,1
DA:32,1
DA:36,1
DA:37,1
DA:38,1
DA:39,2
DA:40,1
DA:42,2
DA:44,1
DA:45,1
DA:47,2
LF:23
LH:23
end_of_record
SF:lib/presentation/pages/tv_series/search_tv_series_page.dart
DA:9,1
DA:11,1
DA:13,1
DA:14,1
DA:17,1
DA:19,1
DA:21,1
DA:22,1
DA:23,1
DA:24,3
DA:34,1
DA:36,1
DA:38,1
DA:39,1
DA:40,1
DA:46,1
DA:47,1
DA:48,1
DA:49,1
DA:51,1
DA:52,1
DA:53,1
DA:55,1
DA:58,1
DA:59,1
DA:60,1
DA:61,1
DA:63,1
DA:66,2
DA:71,1
DA:72,1
DA:73,1
DA:75,2
DA:79,1
DA:80,1
LF:35
LH:35
end_of_record
SF:lib/presentation/pages/tv_series/tv_series_detail_page.dart
DA:18,1
DA:20,1
DA:21,1
DA:25,1
DA:27,1
DA:28,2
DA:29,6
DA:30,1
DA:31,1
DA:32,4
DA:36,1
DA:38,1
DA:39,1
DA:40,1
DA:41,1
DA:42,1
DA:43,1
DA:44,2
DA:45,1
DA:46,1
DA:50,1
DA:52,1
DA:53,1
DA:54,1
DA:60,1
DA:61,3
DA:62,2
DA:64,1
DA:65,1
DA:66,1
DA:70,1
DA:71,1
DA:72,1
DA:73,1
DA:74,1
DA:75,1
DA:78,1
DA:79,1
DA:80,2
DA:83,1
DA:96,1
DA:100,1
DA:102,3
DA:103,1
DA:104,1
DA:105,1
DA:106,3
DA:108,1
DA:111,0
DA:113,1
DA:115,1
DA:116,1
DA:117,1
DA:127,1
DA:128,1
DA:129,1
DA:131,1
DA:133,1
DA:135,1
DA:136,1
DA:137,2
DA:138,1
DA:140,1
DA:142,1
DA:143,1
DA:145,1
DA:146,3
DA:149,1
DA:150,2
DA:151,1
DA:155,1
DA:157,1
DA:158,1
DA:165,1
DA:166,3
DA:168,1
DA:169,1
DA:170,1
DA:171,3
DA:173,1
DA:179,4
DA:183,1
DA:185,1
DA:187,1
DA:188,2
DA:191,1
DA:193,1
DA:195,1
DA:197,1
DA:199,4
DA:200,1
DA:201,1
DA:202,1
DA:204,1
DA:206,1
DA:209,1
DA:210,1
DA:211,1
DA:212,1
DA:214,1
DA:215,2
DA:216,1
DA:222,1
DA:226,1
DA:228,1
DA:230,1
DA:232,1
DA:234,1
DA:235,1
DA:240,1
DA:242,1
DA:244,1
DA:246,1
DA:247,2
DA:248,1
DA:250,1
DA:251,0
DA:252,0
DA:255,0
DA:258,1
DA:263,1
DA:265,2
DA:266,1
DA:270,0
DA:277,2
DA:280,1
DA:282,2
DA:292,1
DA:294,1
DA:309,1
DA:311,1
DA:314,1
DA:317,0
DA:318,0
DA:327,1
DA:329,2
DA:330,3
DA:333,1
DA:337,3
LF:139
LH:132
end_of_record
SF:lib/presentation/pages/tv_series/popular_tv_series_page.dart
DA:8,1
DA:10,1
DA:11,1
DA:15,1
DA:17,1
DA:18,1
DA:19,5
DA:22,1
DA:24,1
DA:25,1
DA:28,1
DA:30,1
DA:31,1
DA:32,1
DA:36,1
DA:37,1
DA:38,1
DA:39,2
DA:40,1
DA:42,2
DA:44,1
DA:45,1
DA:47,2
LF:23
LH:23
end_of_record
SF:lib/presentation/pages/tv_series/watchlist_tv_series_page.dart
DA:9,1
DA:11,1
DA:12,1
DA:17,1
DA:19,1
DA:20,2
DA:21,4
DA:24,1
DA:26,1
DA:27,4
DA:30,0
DA:32,0
DA:35,1
DA:37,1
DA:38,1
DA:40,1
DA:43,0
DA:44,0
DA:48,1
DA:50,1
DA:51,1
DA:52,1
DA:56,1
DA:57,1
DA:58,1
DA:59,2
DA:60,1
DA:62,2
DA:64,1
DA:65,1
DA:67,2
DA:90,1
DA:92,2
DA:93,1
LF:34
LH:30
end_of_record
